<?xml version="1.0" encoding="UTF-8"?>
<!-- Generated by org.testng.reporters.JUnitReportReporter -->
<testsuite hostname="Personal-PC" failures="0" tests="6" name="API.Testing" time="6.903" errors="0" timestamp="2025-03-16T16:41:11 IST" skipped="0">
  <testcase classname="API.Testing" name="SearchRecipes" time="0.733"/>
  <system-out/>
  <testcase classname="API.Testing" name="deletrequest" time="0.699"/>
  <system-out/>
  <testcase classname="API.Testing" name="putrequest" time="0.735"/>
  <system-out/>
  <testcase classname="API.Testing" name="GetUser" time="0.696"/>
  <system-out/>
  <testcase classname="API.Testing" name="Create" time="3.234"/>
  <system-out/>
  <testcase classname="API.Testing" name="GetAllUser" time="0.806"/>
  <system-out/>
</testsuite> <!-- API.Testing -->
